10:11:12.137 [restartedMain] INFO  com.CompetencySystemApplication - Starting CompetencySystemApplication using Java 17.0.8.1 with PID 10568 (D:\Backuphost-25-09-2023\Feature\Test-Management\CompetencySystemProject\target\classes started by akshay.hole in D:\Backuphost-25-09-2023\Feature\Test-Management\CompetencySystemProject)
10:11:12.145 [restartedMain] INFO  com.CompetencySystemApplication - No active profile set, falling back to 1 default profile: "default"
10:11:12.215 [restartedMain] INFO  o.s.b.d.e.DevToolsPropertyDefaultsPostProcessor - Devtools property defaults active! Set 'spring.devtools.add-properties' to 'false' to disable
10:11:12.215 [restartedMain] INFO  o.s.b.d.e.DevToolsPropertyDefaultsPostProcessor - For additional web related logging consider setting the 'logging.level.web' property to 'DEBUG'
10:11:13.695 [restartedMain] INFO  o.s.d.r.c.RepositoryConfigurationDelegate - Bootstrapping Spring Data JPA repositories in DEFAULT mode.
10:11:14.123 [restartedMain] INFO  o.s.d.r.c.RepositoryConfigurationDelegate - Finished Spring Data repository scanning in 418 ms. Found 3 JPA repository interfaces.
10:11:14.721 [restartedMain] INFO  o.s.b.w.e.tomcat.TomcatWebServer - Tomcat initialized with port 8080 (http)
10:11:14.735 [restartedMain] INFO  o.a.coyote.http11.Http11NioProtocol - Initializing ProtocolHandler ["http-nio-8080"]
10:11:14.738 [restartedMain] INFO  o.a.catalina.core.StandardService - Starting service [Tomcat]
10:11:14.739 [restartedMain] INFO  o.a.catalina.core.StandardEngine - Starting Servlet engine: [Apache Tomcat/10.1.17]
10:11:14.832 [restartedMain] INFO  o.a.c.c.C.[Tomcat].[localhost].[/] - Initializing Spring embedded WebApplicationContext
10:11:14.833 [restartedMain] INFO  o.s.b.w.s.c.ServletWebServerApplicationContext - Root WebApplicationContext: initialization completed in 2617 ms
10:11:15.047 [restartedMain] INFO  o.h.jpa.internal.util.LogHelper - HHH000204: Processing PersistenceUnitInfo [name: default]
10:11:15.103 [restartedMain] INFO  org.hibernate.Version - HHH000412: Hibernate ORM core version 6.4.1.Final
10:11:15.139 [restartedMain] INFO  o.h.c.i.RegionFactoryInitiator - HHH000026: Second-level cache disabled
10:11:15.389 [restartedMain] INFO  o.s.o.j.p.SpringPersistenceUnitInfo - No LoadTimeWeaver setup: ignoring JPA class transformer
10:11:15.417 [restartedMain] INFO  com.zaxxer.hikari.HikariDataSource - HikariPool-1 - Starting...
10:11:15.729 [restartedMain] INFO  com.zaxxer.hikari.pool.HikariPool - HikariPool-1 - Added connection com.mysql.cj.jdbc.ConnectionImpl@629c5ac1
10:11:15.732 [restartedMain] INFO  com.zaxxer.hikari.HikariDataSource - HikariPool-1 - Start completed.
10:11:15.793 [restartedMain] WARN  org.hibernate.orm.deprecation - HHH90000025: MySQL8Dialect does not need to be specified explicitly using 'hibernate.dialect' (remove the property setting and it will be selected by default)
10:11:15.796 [restartedMain] WARN  org.hibernate.orm.deprecation - HHH90000026: MySQL8Dialect has been deprecated; use org.hibernate.dialect.MySQLDialect instead
10:11:16.763 [restartedMain] INFO  o.h.e.t.j.p.i.JtaPlatformInitiator - HHH000489: No JTA platform available (set 'hibernate.transaction.jta.platform' to enable JTA platform integration)
10:11:16.868 [restartedMain] INFO  o.s.o.j.LocalContainerEntityManagerFactoryBean - Initialized JPA EntityManagerFactory for persistence unit 'default'
10:11:17.299 [restartedMain] WARN  o.s.b.a.o.j.JpaBaseConfiguration$JpaWebConfiguration - spring.jpa.open-in-view is enabled by default. Therefore, database queries may be performed during view rendering. Explicitly configure spring.jpa.open-in-view to disable this warning
10:11:17.602 [restartedMain] INFO  o.s.b.d.a.OptionalLiveReloadServer - LiveReload server is running on port 35729
10:11:17.736 [restartedMain] INFO  o.a.coyote.http11.Http11NioProtocol - Starting ProtocolHandler ["http-nio-8080"]
10:11:17.764 [restartedMain] INFO  o.s.b.w.e.tomcat.TomcatWebServer - Tomcat started on port 8080 (http) with context path ''
10:11:18.057 [restartedMain] INFO  com.CompetencySystemApplication - Started CompetencySystemApplication in 6.599 seconds (process running for 7.798)
10:11:27.477 [http-nio-8080-exec-1] INFO  o.a.c.c.C.[Tomcat].[localhost].[/] - Initializing Spring DispatcherServlet 'dispatcherServlet'
10:11:27.478 [http-nio-8080-exec-1] INFO  o.s.web.servlet.DispatcherServlet - Initializing Servlet 'dispatcherServlet'
10:11:27.481 [http-nio-8080-exec-1] INFO  o.s.web.servlet.DispatcherServlet - Completed initialization in 1 ms
10:11:27.522 [http-nio-8080-exec-1] INFO  com.controller.CategoryController - Getting all categories
10:14:24.728 [http-nio-8080-exec-4] INFO  com.controller.CategoryController - Adding a new category: Category(category_id=null, title=Core Java , description=This category related to core java, questions=null)
10:18:55.404 [http-nio-8080-exec-7] INFO  com.controller.CategoryController - Getting all categories
11:16:03.152 [http-nio-8080-exec-3] INFO  com.controller.CategoryController - Updating category with ID 5: Category(category_id=null, title=Core Java and advanced java , description=This category related to core java and Advanced java , questions=null)
11:17:06.337 [http-nio-8080-exec-5] INFO  com.controller.CategoryController - Adding a new category: Category(category_id=null, title=Core   and servelet , description=This category related to core java, questions=null)
11:17:19.870 [http-nio-8080-exec-6] INFO  com.controller.CategoryController - Updating category with ID 6: Category(category_id=null, title=Core Java and advanced java , description=This category related to core java and Advanced java , questions=null)
11:17:56.455 [http-nio-8080-exec-7] INFO  com.controller.CategoryController - Deleting category with ID: 6
11:39:36.614 [http-nio-8080-exec-9] INFO  com.controller.QuestionController - Fetching all questions
11:39:36.614 [http-nio-8080-exec-9] INFO  c.s.i.QuestionServiceImpl - Fetching all questions
11:39:39.372 [http-nio-8080-exec-10] INFO  com.controller.CategoryController - Getting all categories
11:40:32.205 [http-nio-8080-exec-1] ERROR com.controller.QuestionController - Error importing questions from Excel
java.io.IOException: Your InputStream was neither an OLE2 stream, nor an OOXML stream or you haven't provide the poi-ooxml*.jar in the classpath/modulepath - FileMagic: OOXML, having providers: [org.apache.poi.hssf.usermodel.HSSFWorkbookFactory@5512f4ec]
	at org.apache.poi.ss.usermodel.WorkbookFactory.wp(WorkbookFactory.java:300)
	at org.apache.poi.ss.usermodel.WorkbookFactory.create(WorkbookFactory.java:199)
	at org.apache.poi.ss.usermodel.WorkbookFactory.create(WorkbookFactory.java:163)
	at com.service.implementation.QuestionServiceImpl.importQuestionsFromExcel(QuestionServiceImpl.java:69)
	at com.controller.QuestionController.importQuestions(QuestionController.java:87)
	at java.base/jdk.internal.reflect.NativeMethodAccessorImpl.invoke0(Native Method)
	at java.base/jdk.internal.reflect.NativeMethodAccessorImpl.invoke(NativeMethodAccessorImpl.java:77)
	at java.base/jdk.internal.reflect.DelegatingMethodAccessorImpl.invoke(DelegatingMethodAccessorImpl.java:43)
	at java.base/java.lang.reflect.Method.invoke(Method.java:568)
	at org.springframework.web.method.support.InvocableHandlerMethod.doInvoke(InvocableHandlerMethod.java:262)
	at org.springframework.web.method.support.InvocableHandlerMethod.invokeForRequest(InvocableHandlerMethod.java:190)
	at org.springframework.web.servlet.mvc.method.annotation.ServletInvocableHandlerMethod.invokeAndHandle(ServletInvocableHandlerMethod.java:118)
	at org.springframework.web.servlet.mvc.method.annotation.RequestMappingHandlerAdapter.invokeHandlerMethod(RequestMappingHandlerAdapter.java:917)
	at org.springframework.web.servlet.mvc.method.annotation.RequestMappingHandlerAdapter.handleInternal(RequestMappingHandlerAdapter.java:829)
	at org.springframework.web.servlet.mvc.method.AbstractHandlerMethodAdapter.handle(AbstractHandlerMethodAdapter.java:87)
	at org.springframework.web.servlet.DispatcherServlet.doDispatch(DispatcherServlet.java:1089)
	at org.springframework.web.servlet.DispatcherServlet.doService(DispatcherServlet.java:979)
	at org.springframework.web.servlet.FrameworkServlet.processRequest(FrameworkServlet.java:1014)
	at org.springframework.web.servlet.FrameworkServlet.doPost(FrameworkServlet.java:914)
	at jakarta.servlet.http.HttpServlet.service(HttpServlet.java:590)
	at org.springframework.web.servlet.FrameworkServlet.service(FrameworkServlet.java:885)
	at jakarta.servlet.http.HttpServlet.service(HttpServlet.java:658)
	at org.apache.catalina.core.ApplicationFilterChain.internalDoFilter(ApplicationFilterChain.java:205)
	at org.apache.catalina.core.ApplicationFilterChain.doFilter(ApplicationFilterChain.java:149)
	at org.apache.tomcat.websocket.server.WsFilter.doFilter(WsFilter.java:51)
	at org.apache.catalina.core.ApplicationFilterChain.internalDoFilter(ApplicationFilterChain.java:174)
	at org.apache.catalina.core.ApplicationFilterChain.doFilter(ApplicationFilterChain.java:149)
	at org.springframework.web.filter.RequestContextFilter.doFilterInternal(RequestContextFilter.java:100)
	at org.springframework.web.filter.OncePerRequestFilter.doFilter(OncePerRequestFilter.java:116)
	at org.apache.catalina.core.ApplicationFilterChain.internalDoFilter(ApplicationFilterChain.java:174)
	at org.apache.catalina.core.ApplicationFilterChain.doFilter(ApplicationFilterChain.java:149)
	at org.springframework.web.filter.FormContentFilter.doFilterInternal(FormContentFilter.java:93)
	at org.springframework.web.filter.OncePerRequestFilter.doFilter(OncePerRequestFilter.java:116)
	at org.apache.catalina.core.ApplicationFilterChain.internalDoFilter(ApplicationFilterChain.java:174)
	at org.apache.catalina.core.ApplicationFilterChain.doFilter(ApplicationFilterChain.java:149)
	at org.springframework.web.filter.CharacterEncodingFilter.doFilterInternal(CharacterEncodingFilter.java:201)
	at org.springframework.web.filter.OncePerRequestFilter.doFilter(OncePerRequestFilter.java:116)
	at org.apache.catalina.core.ApplicationFilterChain.internalDoFilter(ApplicationFilterChain.java:174)
	at org.apache.catalina.core.ApplicationFilterChain.doFilter(ApplicationFilterChain.java:149)
	at org.apache.catalina.core.StandardWrapperValve.invoke(StandardWrapperValve.java:167)
	at org.apache.catalina.core.StandardContextValve.invoke(StandardContextValve.java:90)
	at org.apache.catalina.authenticator.AuthenticatorBase.invoke(AuthenticatorBase.java:482)
	at org.apache.catalina.core.StandardHostValve.invoke(StandardHostValve.java:115)
	at org.apache.catalina.valves.ErrorReportValve.invoke(ErrorReportValve.java:93)
	at org.apache.catalina.core.StandardEngineValve.invoke(StandardEngineValve.java:74)
	at org.apache.catalina.connector.CoyoteAdapter.service(CoyoteAdapter.java:340)
	at org.apache.coyote.http11.Http11Processor.service(Http11Processor.java:391)
	at org.apache.coyote.AbstractProcessorLight.process(AbstractProcessorLight.java:63)
	at org.apache.coyote.AbstractProtocol$ConnectionHandler.process(AbstractProtocol.java:896)
	at org.apache.tomcat.util.net.NioEndpoint$SocketProcessor.doRun(NioEndpoint.java:1744)
	at org.apache.tomcat.util.net.SocketProcessorBase.run(SocketProcessorBase.java:52)
	at org.apache.tomcat.util.threads.ThreadPoolExecutor.runWorker(ThreadPoolExecutor.java:1191)
	at org.apache.tomcat.util.threads.ThreadPoolExecutor$Worker.run(ThreadPoolExecutor.java:659)
	at org.apache.tomcat.util.threads.TaskThread$WrappingRunnable.run(TaskThread.java:61)
	at java.base/java.lang.Thread.run(Thread.java:833)
11:41:53.899 [RMI TCP Connection(99)-127.0.0.1] INFO  o.s.b.a.SpringApplicationAdminMXBeanRegistrar$SpringApplicationAdmin - Application shutdown requested.
11:41:53.910 [RMI TCP Connection(99)-127.0.0.1] INFO  o.a.coyote.http11.Http11NioProtocol - Stopping ProtocolHandler ["http-nio-8080"]
11:41:53.942 [RMI TCP Connection(99)-127.0.0.1] INFO  o.s.o.j.LocalContainerEntityManagerFactoryBean - Closing JPA EntityManagerFactory for persistence unit 'default'
11:41:53.952 [RMI TCP Connection(99)-127.0.0.1] INFO  com.zaxxer.hikari.HikariDataSource - HikariPool-1 - Shutdown initiated...
11:41:53.965 [RMI TCP Connection(99)-127.0.0.1] INFO  com.zaxxer.hikari.HikariDataSource - HikariPool-1 - Shutdown completed.
11:42:06.360 [restartedMain] INFO  com.CompetencySystemApplication - Starting CompetencySystemApplication using Java 17.0.8.1 with PID 21824 (D:\Backuphost-25-09-2023\Feature\Test-Management\CompetencySystemProject\target\classes started by akshay.hole in D:\Backuphost-25-09-2023\Feature\Test-Management\CompetencySystemProject)
11:42:06.364 [restartedMain] INFO  com.CompetencySystemApplication - No active profile set, falling back to 1 default profile: "default"
11:42:06.449 [restartedMain] INFO  o.s.b.d.e.DevToolsPropertyDefaultsPostProcessor - Devtools property defaults active! Set 'spring.devtools.add-properties' to 'false' to disable
11:42:06.450 [restartedMain] INFO  o.s.b.d.e.DevToolsPropertyDefaultsPostProcessor - For additional web related logging consider setting the 'logging.level.web' property to 'DEBUG'
11:42:08.514 [restartedMain] INFO  o.s.d.r.c.RepositoryConfigurationDelegate - Bootstrapping Spring Data JPA repositories in DEFAULT mode.
11:42:09.300 [restartedMain] INFO  o.s.d.r.c.RepositoryConfigurationDelegate - Finished Spring Data repository scanning in 767 ms. Found 3 JPA repository interfaces.
11:42:10.270 [restartedMain] INFO  o.s.b.w.e.tomcat.TomcatWebServer - Tomcat initialized with port 8080 (http)
11:42:10.284 [restartedMain] INFO  o.a.coyote.http11.Http11NioProtocol - Initializing ProtocolHandler ["http-nio-8080"]
11:42:10.287 [restartedMain] INFO  o.a.catalina.core.StandardService - Starting service [Tomcat]
11:42:10.288 [restartedMain] INFO  o.a.catalina.core.StandardEngine - Starting Servlet engine: [Apache Tomcat/10.1.17]
11:42:10.364 [restartedMain] INFO  o.a.c.c.C.[Tomcat].[localhost].[/] - Initializing Spring embedded WebApplicationContext
11:42:10.365 [restartedMain] INFO  o.s.b.w.s.c.ServletWebServerApplicationContext - Root WebApplicationContext: initialization completed in 3914 ms
11:42:10.587 [restartedMain] INFO  o.h.jpa.internal.util.LogHelper - HHH000204: Processing PersistenceUnitInfo [name: default]
11:42:10.669 [restartedMain] INFO  org.hibernate.Version - HHH000412: Hibernate ORM core version 6.4.1.Final
11:42:10.732 [restartedMain] INFO  o.h.c.i.RegionFactoryInitiator - HHH000026: Second-level cache disabled
11:42:11.114 [restartedMain] INFO  o.s.o.j.p.SpringPersistenceUnitInfo - No LoadTimeWeaver setup: ignoring JPA class transformer
11:42:11.148 [restartedMain] INFO  com.zaxxer.hikari.HikariDataSource - HikariPool-1 - Starting...
11:42:11.482 [restartedMain] INFO  com.zaxxer.hikari.pool.HikariPool - HikariPool-1 - Added connection com.mysql.cj.jdbc.ConnectionImpl@3bcf9474
11:42:11.485 [restartedMain] INFO  com.zaxxer.hikari.HikariDataSource - HikariPool-1 - Start completed.
11:42:11.562 [restartedMain] WARN  org.hibernate.orm.deprecation - HHH90000025: MySQL8Dialect does not need to be specified explicitly using 'hibernate.dialect' (remove the property setting and it will be selected by default)
11:42:11.563 [restartedMain] WARN  org.hibernate.orm.deprecation - HHH90000026: MySQL8Dialect has been deprecated; use org.hibernate.dialect.MySQLDialect instead
11:42:12.786 [restartedMain] INFO  o.h.e.t.j.p.i.JtaPlatformInitiator - HHH000489: No JTA platform available (set 'hibernate.transaction.jta.platform' to enable JTA platform integration)
11:42:12.880 [restartedMain] INFO  o.s.o.j.LocalContainerEntityManagerFactoryBean - Initialized JPA EntityManagerFactory for persistence unit 'default'
11:42:13.400 [restartedMain] WARN  o.s.b.a.o.j.JpaBaseConfiguration$JpaWebConfiguration - spring.jpa.open-in-view is enabled by default. Therefore, database queries may be performed during view rendering. Explicitly configure spring.jpa.open-in-view to disable this warning
11:42:13.777 [restartedMain] INFO  o.s.b.d.a.OptionalLiveReloadServer - LiveReload server is running on port 35729
11:42:13.929 [restartedMain] INFO  o.a.coyote.http11.Http11NioProtocol - Starting ProtocolHandler ["http-nio-8080"]
11:42:13.955 [restartedMain] INFO  o.s.b.w.e.tomcat.TomcatWebServer - Tomcat started on port 8080 (http) with context path ''
11:42:14.354 [restartedMain] INFO  com.CompetencySystemApplication - Started CompetencySystemApplication in 8.887 seconds (process running for 10.354)
11:42:34.205 [http-nio-8080-exec-1] INFO  o.a.c.c.C.[Tomcat].[localhost].[/] - Initializing Spring DispatcherServlet 'dispatcherServlet'
11:42:34.205 [http-nio-8080-exec-1] INFO  o.s.web.servlet.DispatcherServlet - Initializing Servlet 'dispatcherServlet'
11:42:34.211 [http-nio-8080-exec-1] INFO  o.s.web.servlet.DispatcherServlet - Completed initialization in 6 ms
11:42:34.381 [http-nio-8080-exec-1] INFO  com.controller.QuestionController - Importing questions from Excel file
11:42:34.396 [http-nio-8080-exec-1] ERROR com.controller.QuestionController - Error importing questions from Excel file: Your InputStream was neither an OLE2 stream, nor an OOXML stream or you haven't provide the poi-ooxml*.jar in the classpath/modulepath - FileMagic: OOXML, having providers: [org.apache.poi.hssf.usermodel.HSSFWorkbookFactory@4c62ee8a]
11:44:23.431 [File Watcher] INFO  o.s.b.d.a.LocalDevToolsAutoConfiguration$RestartingClassPathChangeChangedEventListener - Restarting due to 25 class path changes (0 additions, 5 deletions, 20 modifications)
11:44:23.450 [Thread-4] INFO  o.a.coyote.http11.Http11NioProtocol - Stopping ProtocolHandler ["http-nio-8080"]
11:44:23.483 [Thread-4] INFO  o.s.o.j.LocalContainerEntityManagerFactoryBean - Closing JPA EntityManagerFactory for persistence unit 'default'
11:44:23.488 [Thread-4] INFO  com.zaxxer.hikari.HikariDataSource - HikariPool-1 - Shutdown initiated...
11:44:23.520 [Thread-4] INFO  com.zaxxer.hikari.HikariDataSource - HikariPool-1 - Shutdown completed.
11:47:03.023 [restartedMain] INFO  com.CompetencySystemApplication - Starting CompetencySystemApplication using Java 17.0.8.1 with PID 21824 (D:\Backuphost-25-09-2023\Feature\Test-Management\CompetencySystemProject\target\classes started by akshay.hole in D:\Backuphost-25-09-2023\Feature\Test-Management\CompetencySystemProject)
11:47:03.023 [restartedMain] INFO  com.CompetencySystemApplication - No active profile set, falling back to 1 default profile: "default"
11:47:04.136 [restartedMain] INFO  o.s.d.r.c.RepositoryConfigurationDelegate - Bootstrapping Spring Data JPA repositories in DEFAULT mode.
11:47:04.867 [restartedMain] INFO  o.s.d.r.c.RepositoryConfigurationDelegate - Finished Spring Data repository scanning in 729 ms. Found 3 JPA repository interfaces.
11:47:05.200 [restartedMain] INFO  o.s.b.w.e.tomcat.TomcatWebServer - Tomcat initialized with port 8080 (http)
11:47:05.226 [restartedMain] INFO  o.a.catalina.core.StandardService - Starting service [Tomcat]
11:47:05.226 [restartedMain] INFO  o.a.catalina.core.StandardEngine - Starting Servlet engine: [Apache Tomcat/10.1.17]
11:47:05.282 [restartedMain] INFO  o.a.c.c.C.[Tomcat-3].[localhost].[/] - Initializing Spring embedded WebApplicationContext
11:47:05.283 [restartedMain] INFO  o.s.b.w.s.c.ServletWebServerApplicationContext - Root WebApplicationContext: initialization completed in 2256 ms
11:47:05.454 [restartedMain] INFO  o.h.jpa.internal.util.LogHelper - HHH000204: Processing PersistenceUnitInfo [name: default]
11:47:05.460 [restartedMain] INFO  o.h.c.i.RegionFactoryInitiator - HHH000026: Second-level cache disabled
11:47:05.492 [restartedMain] INFO  o.s.o.j.p.SpringPersistenceUnitInfo - No LoadTimeWeaver setup: ignoring JPA class transformer
11:47:05.498 [restartedMain] INFO  com.zaxxer.hikari.HikariDataSource - HikariPool-2 - Starting...
11:47:05.542 [restartedMain] INFO  com.zaxxer.hikari.pool.HikariPool - HikariPool-2 - Added connection com.mysql.cj.jdbc.ConnectionImpl@31cb79df
11:47:05.542 [restartedMain] INFO  com.zaxxer.hikari.HikariDataSource - HikariPool-2 - Start completed.
11:47:05.543 [restartedMain] WARN  org.hibernate.orm.deprecation - HHH90000025: MySQL8Dialect does not need to be specified explicitly using 'hibernate.dialect' (remove the property setting and it will be selected by default)
11:47:05.543 [restartedMain] WARN  org.hibernate.orm.deprecation - HHH90000026: MySQL8Dialect has been deprecated; use org.hibernate.dialect.MySQLDialect instead
11:47:05.693 [restartedMain] INFO  o.h.e.t.j.p.i.JtaPlatformInitiator - HHH000489: No JTA platform available (set 'hibernate.transaction.jta.platform' to enable JTA platform integration)
11:47:05.747 [restartedMain] INFO  o.s.o.j.LocalContainerEntityManagerFactoryBean - Initialized JPA EntityManagerFactory for persistence unit 'default'
11:47:06.475 [restartedMain] WARN  o.s.b.a.o.j.JpaBaseConfiguration$JpaWebConfiguration - spring.jpa.open-in-view is enabled by default. Therefore, database queries may be performed during view rendering. Explicitly configure spring.jpa.open-in-view to disable this warning
11:47:06.765 [restartedMain] INFO  o.s.b.d.a.OptionalLiveReloadServer - LiveReload server is running on port 35729
11:47:06.890 [restartedMain] INFO  o.s.b.w.e.tomcat.TomcatWebServer - Tomcat started on port 8080 (http) with context path ''
11:47:07.142 [restartedMain] INFO  com.CompetencySystemApplication - Started CompetencySystemApplication in 4.228 seconds (process running for 303.141)
11:47:07.147 [restartedMain] INFO  o.s.b.d.a.ConditionEvaluationDeltaLoggingListener - Condition evaluation unchanged
11:47:22.271 [http-nio-8080-exec-1] INFO  o.a.c.c.C.[Tomcat-3].[localhost].[/] - Initializing Spring DispatcherServlet 'dispatcherServlet'
11:47:22.271 [http-nio-8080-exec-1] INFO  o.s.web.servlet.DispatcherServlet - Initializing Servlet 'dispatcherServlet'
11:47:22.272 [http-nio-8080-exec-1] INFO  o.s.web.servlet.DispatcherServlet - Completed initialization in 1 ms
11:47:22.290 [http-nio-8080-exec-1] INFO  com.controller.QuestionController - Importing questions from Excel file
11:47:22.291 [http-nio-8080-exec-1] ERROR com.controller.QuestionController - Error importing questions from Excel file: Your InputStream was neither an OLE2 stream, nor an OOXML stream or you haven't provide the poi-ooxml*.jar in the classpath/modulepath - FileMagic: OOXML, having providers: [org.apache.poi.hssf.usermodel.HSSFWorkbookFactory@4c62ee8a]
11:55:07.192 [http-nio-8080-exec-2] INFO  com.controller.CategoryController - Getting all categories
11:55:27.307 [http-nio-8080-exec-3] INFO  com.controller.CategoryController - Getting all categories
11:55:33.697 [http-nio-8080-exec-4] INFO  com.controller.TestController - getAllTest: Retrieving all tests
11:55:35.716 [http-nio-8080-exec-5] INFO  com.controller.QuestionController - Fetching all questions
11:55:35.717 [http-nio-8080-exec-5] INFO  c.s.i.QuestionServiceImpl - Fetching all questions
11:55:38.441 [http-nio-8080-exec-6] INFO  com.controller.QuestionController - Fetching all questions
11:55:38.441 [http-nio-8080-exec-6] INFO  c.s.i.QuestionServiceImpl - Fetching all questions
11:55:47.528 [http-nio-8080-exec-7] INFO  com.controller.QuestionController - Fetching all questions
11:55:47.529 [http-nio-8080-exec-7] INFO  c.s.i.QuestionServiceImpl - Fetching all questions
12:13:34.825 [http-nio-8080-exec-9] INFO  com.controller.CategoryController - Getting all categories
12:13:42.480 [http-nio-8080-exec-10] INFO  com.controller.QuestionController - Importing questions from Excel file
12:13:42.481 [http-nio-8080-exec-10] ERROR com.controller.QuestionController - Error importing questions from Excel file: Your InputStream was neither an OLE2 stream, nor an OOXML stream or you haven't provide the poi-ooxml*.jar in the classpath/modulepath - FileMagic: OOXML, having providers: [org.apache.poi.hssf.usermodel.HSSFWorkbookFactory@4c62ee8a]
12:22:38.968 [File Watcher] INFO  o.s.b.d.a.LocalDevToolsAutoConfiguration$RestartingClassPathChangeChangedEventListener - Restarting due to 1 class path change (0 additions, 0 deletions, 1 modification)
12:22:38.989 [Thread-7] INFO  o.s.o.j.LocalContainerEntityManagerFactoryBean - Closing JPA EntityManagerFactory for persistence unit 'default'
12:22:38.990 [Thread-7] INFO  com.zaxxer.hikari.HikariDataSource - HikariPool-2 - Shutdown initiated...
12:22:39.002 [Thread-7] INFO  com.zaxxer.hikari.HikariDataSource - HikariPool-2 - Shutdown completed.
12:22:39.115 [restartedMain] INFO  com.CompetencySystemApplication - Starting CompetencySystemApplication using Java 17.0.8.1 with PID 21824 (D:\Backuphost-25-09-2023\Feature\Test-Management\CompetencySystemProject\target\classes started by akshay.hole in D:\Backuphost-25-09-2023\Feature\Test-Management\CompetencySystemProject)
12:22:39.116 [restartedMain] INFO  com.CompetencySystemApplication - No active profile set, falling back to 1 default profile: "default"
12:22:39.825 [restartedMain] INFO  o.s.d.r.c.RepositoryConfigurationDelegate - Bootstrapping Spring Data JPA repositories in DEFAULT mode.
12:22:40.101 [restartedMain] INFO  o.s.d.r.c.RepositoryConfigurationDelegate - Finished Spring Data repository scanning in 275 ms. Found 3 JPA repository interfaces.
12:22:40.232 [restartedMain] INFO  o.s.b.w.e.tomcat.TomcatWebServer - Tomcat initialized with port 8080 (http)
12:22:40.233 [restartedMain] INFO  o.a.catalina.core.StandardService - Starting service [Tomcat]
12:22:40.234 [restartedMain] INFO  o.a.catalina.core.StandardEngine - Starting Servlet engine: [Apache Tomcat/10.1.17]
12:22:40.269 [restartedMain] INFO  o.a.c.c.C.[Tomcat-3].[localhost].[/] - Initializing Spring embedded WebApplicationContext
12:22:40.269 [restartedMain] INFO  o.s.b.w.s.c.ServletWebServerApplicationContext - Root WebApplicationContext: initialization completed in 1149 ms
12:22:40.385 [restartedMain] INFO  o.h.jpa.internal.util.LogHelper - HHH000204: Processing PersistenceUnitInfo [name: default]
12:22:40.400 [restartedMain] INFO  o.h.c.i.RegionFactoryInitiator - HHH000026: Second-level cache disabled
12:22:40.420 [restartedMain] INFO  o.s.o.j.p.SpringPersistenceUnitInfo - No LoadTimeWeaver setup: ignoring JPA class transformer
12:22:40.423 [restartedMain] INFO  com.zaxxer.hikari.HikariDataSource - HikariPool-3 - Starting...
12:22:40.445 [restartedMain] INFO  com.zaxxer.hikari.pool.HikariPool - HikariPool-3 - Added connection com.mysql.cj.jdbc.ConnectionImpl@5845a9e8
12:22:40.445 [restartedMain] INFO  com.zaxxer.hikari.HikariDataSource - HikariPool-3 - Start completed.
12:22:40.447 [restartedMain] WARN  org.hibernate.orm.deprecation - HHH90000025: MySQL8Dialect does not need to be specified explicitly using 'hibernate.dialect' (remove the property setting and it will be selected by default)
12:22:40.447 [restartedMain] WARN  org.hibernate.orm.deprecation - HHH90000026: MySQL8Dialect has been deprecated; use org.hibernate.dialect.MySQLDialect instead
12:22:40.523 [restartedMain] INFO  o.h.e.t.j.p.i.JtaPlatformInitiator - HHH000489: No JTA platform available (set 'hibernate.transaction.jta.platform' to enable JTA platform integration)
12:22:40.560 [restartedMain] INFO  o.s.o.j.LocalContainerEntityManagerFactoryBean - Initialized JPA EntityManagerFactory for persistence unit 'default'
12:22:40.827 [restartedMain] WARN  o.s.b.a.o.j.JpaBaseConfiguration$JpaWebConfiguration - spring.jpa.open-in-view is enabled by default. Therefore, database queries may be performed during view rendering. Explicitly configure spring.jpa.open-in-view to disable this warning
12:22:40.980 [restartedMain] INFO  o.s.b.d.a.OptionalLiveReloadServer - LiveReload server is running on port 35729
12:22:41.030 [restartedMain] INFO  o.s.b.w.e.tomcat.TomcatWebServer - Tomcat started on port 8080 (http) with context path ''
12:22:41.126 [restartedMain] INFO  com.CompetencySystemApplication - Started CompetencySystemApplication in 2.049 seconds (process running for 2437.126)
12:22:41.130 [restartedMain] INFO  o.s.b.d.a.ConditionEvaluationDeltaLoggingListener - Condition evaluation unchanged
12:22:46.554 [File Watcher] INFO  o.s.b.d.a.LocalDevToolsAutoConfiguration$RestartingClassPathChangeChangedEventListener - Restarting due to 1 class path change (0 additions, 0 deletions, 1 modification)
12:22:46.585 [Thread-32] INFO  o.s.o.j.LocalContainerEntityManagerFactoryBean - Closing JPA EntityManagerFactory for persistence unit 'default'
12:22:46.586 [Thread-32] INFO  com.zaxxer.hikari.HikariDataSource - HikariPool-3 - Shutdown initiated...
12:22:46.597 [Thread-32] INFO  com.zaxxer.hikari.HikariDataSource - HikariPool-3 - Shutdown completed.
12:23:09.461 [restartedMain] INFO  com.CompetencySystemApplication - Starting CompetencySystemApplication using Java 17.0.8.1 with PID 21824 (D:\Backuphost-25-09-2023\Feature\Test-Management\CompetencySystemProject\target\classes started by akshay.hole in D:\Backuphost-25-09-2023\Feature\Test-Management\CompetencySystemProject)
12:23:09.461 [restartedMain] INFO  com.CompetencySystemApplication - No active profile set, falling back to 1 default profile: "default"
12:23:10.456 [restartedMain] INFO  o.s.d.r.c.RepositoryConfigurationDelegate - Bootstrapping Spring Data JPA repositories in DEFAULT mode.
12:23:11.111 [restartedMain] INFO  o.s.d.r.c.RepositoryConfigurationDelegate - Finished Spring Data repository scanning in 654 ms. Found 3 JPA repository interfaces.
12:23:11.694 [restartedMain] INFO  o.s.b.w.e.tomcat.TomcatWebServer - Tomcat initialized with port 8080 (http)
12:23:11.695 [restartedMain] INFO  o.a.catalina.core.StandardService - Starting service [Tomcat]
12:23:11.695 [restartedMain] INFO  o.a.catalina.core.StandardEngine - Starting Servlet engine: [Apache Tomcat/10.1.17]
12:23:11.754 [restartedMain] INFO  o.a.c.c.C.[Tomcat-3].[localhost].[/] - Initializing Spring embedded WebApplicationContext
12:23:11.754 [restartedMain] INFO  o.s.b.w.s.c.ServletWebServerApplicationContext - Root WebApplicationContext: initialization completed in 2291 ms
12:23:11.945 [restartedMain] INFO  o.h.jpa.internal.util.LogHelper - HHH000204: Processing PersistenceUnitInfo [name: default]
12:23:11.958 [restartedMain] INFO  o.h.c.i.RegionFactoryInitiator - HHH000026: Second-level cache disabled
12:23:12.000 [restartedMain] INFO  o.s.o.j.p.SpringPersistenceUnitInfo - No LoadTimeWeaver setup: ignoring JPA class transformer
12:23:12.003 [restartedMain] INFO  com.zaxxer.hikari.HikariDataSource - HikariPool-5 - Starting...
12:23:12.023 [restartedMain] INFO  com.zaxxer.hikari.pool.HikariPool - HikariPool-5 - Added connection com.mysql.cj.jdbc.ConnectionImpl@2755bcff
12:23:12.024 [restartedMain] INFO  com.zaxxer.hikari.HikariDataSource - HikariPool-5 - Start completed.
12:23:12.024 [restartedMain] WARN  org.hibernate.orm.deprecation - HHH90000025: MySQL8Dialect does not need to be specified explicitly using 'hibernate.dialect' (remove the property setting and it will be selected by default)
12:23:12.024 [restartedMain] WARN  org.hibernate.orm.deprecation - HHH90000026: MySQL8Dialect has been deprecated; use org.hibernate.dialect.MySQLDialect instead
12:23:12.232 [restartedMain] INFO  o.h.e.t.j.p.i.JtaPlatformInitiator - HHH000489: No JTA platform available (set 'hibernate.transaction.jta.platform' to enable JTA platform integration)
12:23:12.288 [restartedMain] INFO  o.s.o.j.LocalContainerEntityManagerFactoryBean - Initialized JPA EntityManagerFactory for persistence unit 'default'
12:23:12.729 [restartedMain] WARN  o.s.b.a.o.j.JpaBaseConfiguration$JpaWebConfiguration - spring.jpa.open-in-view is enabled by default. Therefore, database queries may be performed during view rendering. Explicitly configure spring.jpa.open-in-view to disable this warning
12:23:12.991 [restartedMain] INFO  o.s.b.d.a.OptionalLiveReloadServer - LiveReload server is running on port 35729
12:23:13.063 [restartedMain] INFO  o.s.b.w.e.tomcat.TomcatWebServer - Tomcat started on port 8080 (http) with context path ''
12:23:13.156 [restartedMain] INFO  com.CompetencySystemApplication - Started CompetencySystemApplication in 3.739 seconds (process running for 2469.156)
12:23:13.161 [restartedMain] INFO  o.s.b.d.a.ConditionEvaluationDeltaLoggingListener - Condition evaluation unchanged
12:59:41.340 [http-nio-8080-exec-1] INFO  o.a.c.c.C.[Tomcat-3].[localhost].[/] - Initializing Spring DispatcherServlet 'dispatcherServlet'
12:59:41.340 [http-nio-8080-exec-1] INFO  o.s.web.servlet.DispatcherServlet - Initializing Servlet 'dispatcherServlet'
12:59:41.342 [http-nio-8080-exec-1] INFO  o.s.web.servlet.DispatcherServlet - Completed initialization in 2 ms
12:59:41.349 [http-nio-8080-exec-1] INFO  com.controller.QuestionController - Fetching all questions
12:59:41.349 [http-nio-8080-exec-1] INFO  c.s.i.QuestionServiceImpl - Fetching all questions
13:00:37.208 [http-nio-8080-exec-3] INFO  c.s.i.QuestionServiceImpl - Fetching question by id: 1
13:00:37.219 [http-nio-8080-exec-3] INFO  c.s.i.QuestionServiceImpl - Fetching question by id: 2
13:00:37.224 [http-nio-8080-exec-3] INFO  c.s.i.QuestionServiceImpl - Fetching question by id: 3
13:00:37.228 [http-nio-8080-exec-3] INFO  c.s.i.QuestionServiceImpl - Fetching question by id: 4
13:00:37.234 [http-nio-8080-exec-3] INFO  c.s.i.QuestionServiceImpl - Fetching question by id: 5
13:00:37.320 [http-nio-8080-exec-3] INFO  com.controller.TestController - addTest: Test added successfully with ID 5
13:06:17.742 [File Watcher] INFO  o.s.b.d.a.LocalDevToolsAutoConfiguration$RestartingClassPathChangeChangedEventListener - Restarting due to 1 class path change (0 additions, 0 deletions, 1 modification)
13:06:17.793 [Thread-40] INFO  o.s.o.j.LocalContainerEntityManagerFactoryBean - Closing JPA EntityManagerFactory for persistence unit 'default'
13:06:17.793 [Thread-40] INFO  com.zaxxer.hikari.HikariDataSource - HikariPool-5 - Shutdown initiated...
13:06:17.812 [Thread-40] INFO  com.zaxxer.hikari.HikariDataSource - HikariPool-5 - Shutdown completed.
13:06:18.023 [restartedMain] INFO  com.CompetencySystemApplication - Starting CompetencySystemApplication using Java 17.0.8.1 with PID 21824 (D:\Backuphost-25-09-2023\Feature\Test-Management\CompetencySystemProject\target\classes started by akshay.hole in D:\Backuphost-25-09-2023\Feature\Test-Management\CompetencySystemProject)
13:06:18.024 [restartedMain] INFO  com.CompetencySystemApplication - No active profile set, falling back to 1 default profile: "default"
13:06:19.218 [restartedMain] INFO  o.s.d.r.c.RepositoryConfigurationDelegate - Bootstrapping Spring Data JPA repositories in DEFAULT mode.
13:06:20.216 [restartedMain] INFO  o.s.d.r.c.RepositoryConfigurationDelegate - Finished Spring Data repository scanning in 998 ms. Found 3 JPA repository interfaces.
13:06:20.570 [restartedMain] INFO  o.s.b.w.e.tomcat.TomcatWebServer - Tomcat initialized with port 8080 (http)
13:06:20.572 [restartedMain] INFO  o.a.catalina.core.StandardService - Starting service [Tomcat]
13:06:20.573 [restartedMain] INFO  o.a.catalina.core.StandardEngine - Starting Servlet engine: [Apache Tomcat/10.1.17]
13:06:20.689 [restartedMain] INFO  o.a.c.c.C.[Tomcat-3].[localhost].[/] - Initializing Spring embedded WebApplicationContext
13:06:20.689 [restartedMain] INFO  o.s.b.w.s.c.ServletWebServerApplicationContext - Root WebApplicationContext: initialization completed in 2661 ms
13:06:20.997 [restartedMain] INFO  o.h.jpa.internal.util.LogHelper - HHH000204: Processing PersistenceUnitInfo [name: default]
13:06:21.006 [restartedMain] INFO  o.h.c.i.RegionFactoryInitiator - HHH000026: Second-level cache disabled
13:06:21.052 [restartedMain] INFO  o.s.o.j.p.SpringPersistenceUnitInfo - No LoadTimeWeaver setup: ignoring JPA class transformer
13:06:21.054 [restartedMain] INFO  com.zaxxer.hikari.HikariDataSource - HikariPool-6 - Starting...
13:06:21.075 [restartedMain] INFO  com.zaxxer.hikari.pool.HikariPool - HikariPool-6 - Added connection com.mysql.cj.jdbc.ConnectionImpl@665b75bc
13:06:21.075 [restartedMain] INFO  com.zaxxer.hikari.HikariDataSource - HikariPool-6 - Start completed.
13:06:21.077 [restartedMain] WARN  org.hibernate.orm.deprecation - HHH90000025: MySQL8Dialect does not need to be specified explicitly using 'hibernate.dialect' (remove the property setting and it will be selected by default)
13:06:21.077 [restartedMain] WARN  org.hibernate.orm.deprecation - HHH90000026: MySQL8Dialect has been deprecated; use org.hibernate.dialect.MySQLDialect instead
13:06:21.233 [restartedMain] INFO  o.h.e.t.j.p.i.JtaPlatformInitiator - HHH000489: No JTA platform available (set 'hibernate.transaction.jta.platform' to enable JTA platform integration)
13:06:21.285 [restartedMain] INFO  o.s.o.j.LocalContainerEntityManagerFactoryBean - Initialized JPA EntityManagerFactory for persistence unit 'default'
13:06:21.706 [restartedMain] WARN  o.s.b.a.o.j.JpaBaseConfiguration$JpaWebConfiguration - spring.jpa.open-in-view is enabled by default. Therefore, database queries may be performed during view rendering. Explicitly configure spring.jpa.open-in-view to disable this warning
13:06:22.106 [restartedMain] INFO  o.s.b.d.a.OptionalLiveReloadServer - LiveReload server is running on port 35729
13:06:22.216 [restartedMain] INFO  o.s.b.w.e.tomcat.TomcatWebServer - Tomcat started on port 8080 (http) with context path ''
13:06:22.464 [restartedMain] INFO  com.CompetencySystemApplication - Started CompetencySystemApplication in 4.525 seconds (process running for 5058.463)
13:06:22.469 [restartedMain] INFO  o.s.b.d.a.ConditionEvaluationDeltaLoggingListener - Condition evaluation unchanged
13:09:42.930 [http-nio-8080-exec-1] INFO  o.a.c.c.C.[Tomcat-3].[localhost].[/] - Initializing Spring DispatcherServlet 'dispatcherServlet'
13:09:42.930 [http-nio-8080-exec-1] INFO  o.s.web.servlet.DispatcherServlet - Initializing Servlet 'dispatcherServlet'
13:09:42.931 [http-nio-8080-exec-1] INFO  o.s.web.servlet.DispatcherServlet - Completed initialization in 1 ms
13:09:42.936 [http-nio-8080-exec-1] INFO  com.controller.TestController - getAllTest: Retrieving all tests
13:09:45.777 [http-nio-8080-exec-3] INFO  com.controller.CategoryController - Getting all categories
13:09:45.783 [http-nio-8080-exec-2] INFO  com.controller.TestController - getTestById: Retrieved test with ID 5
13:15:55.493 [http-nio-8080-exec-8] INFO  com.controller.TestController - getTestById: Retrieved test with ID 5
13:15:55.506 [http-nio-8080-exec-9] INFO  com.controller.CategoryController - Getting all categories
13:16:06.862 [http-nio-8080-exec-3] INFO  com.controller.TestController - updateTest: Test with ID 5 updated successfully
13:16:09.723 [http-nio-8080-exec-4] INFO  com.controller.TestController - getAllTest: Retrieving all tests
15:27:07.759 [http-nio-8080-exec-7] INFO  com.controller.CategoryController - Getting all categories
15:27:07.783 [http-nio-8080-exec-6] INFO  com.controller.TestController - getTestById: Retrieved test with ID 1
15:27:09.869 [http-nio-8080-exec-9] INFO  com.controller.TestController - updateTest: Test with ID 1 updated successfully
